### Index Performance
## The actual time before using the index statement is:
```sql
+------------------------------------------------------------------------------------------------------------------------------------------------------------------------------------------------------+
| EXPLAIN                                                                                                                                                                                              |
+------------------------------------------------------------------------------------------------------------------------------------------------------------------------------------------------------+
| -> Filter: (property.`name` = 'City Loft')  (cost=0.45 rows=1) (actual time=0.235..0.37 rows=1 loops=1)
    -> Table scan on property  (cost=0.45 rows=2) (actual time=0.225..0.359 rows=2 loops=1)
 |
+------------------------------------------------------------------------------------------------------------------------------------------------------------------------------------------------------+
1 row in set (0.01 sec)
```
## The actual time after using the index statement is:
```sql
+-------------------------------------------------------------------------------------------------------------------------------------------------+
| EXPLAIN                                                                                                                                         |
+-------------------------------------------------------------------------------------------------------------------------------------------------+
| -> Index lookup on property using idx_property_name_location (name='City Loft')  (cost=0.35 rows=1) (actual time=0.0919..0.104 rows=1 loops=1)
 |
+-------------------------------------------------------------------------------------------------------------------------------------------------+
1 row in set (0.00 sec)
```